Copyright 1986-2022 Xilinx, Inc. All Rights Reserved.
---------------------------------------------------------------------------------------------------------------------------------
| Tool Version : Vivado v.2022.2 (win64) Build 3671981 Fri Oct 14 05:00:03 MDT 2022
| Date         : Sun Mar 23 20:45:51 2025
| Host         : BOOK-CTJOQLMG70 running 64-bit major release  (build 9200)
| Command      : report_drc -file top_uart_fifo_drc_routed.rpt -pb top_uart_fifo_drc_routed.pb -rpx top_uart_fifo_drc_routed.rpx
| Design       : top_uart_fifo
| Device       : xc7a35tcpg236-1
| Speed File   : -1
| Design State : Fully Routed
---------------------------------------------------------------------------------------------------------------------------------

Report DRC

Table of Contents
-----------------
1. REPORT SUMMARY
2. REPORT DETAILS

1. REPORT SUMMARY
-----------------
            Netlist: netlist
          Floorplan: design_1
      Design limits: <entire design considered>
           Ruledeck: default
             Max violations: <unlimited>
             Violations found: 8
+----------+----------+-------------------+------------+
| Rule     | Severity | Description       | Violations |
+----------+----------+-------------------+------------+
| PDRC-153 | Warning  | Gated clock check | 8          |
+----------+----------+-------------------+------------+

2. REPORT DETAILS
-----------------
PDRC-153#1 Warning
Gated clock check  
Net U_UART/U_UART_RX/rx_data_next__0[0] is a gated clock net sourced by a combinational pin U_UART/U_UART_RX/rx_data_next_reg[0]_i_1/O, cell U_UART/U_UART_RX/rx_data_next_reg[0]_i_1. This is not good design practice and will likely impact performance. For SLICE registers, for example, use the CE pin to control the loading of data.
Related violations: <none>

PDRC-153#2 Warning
Gated clock check  
Net U_UART/U_UART_RX/rx_data_next__0[1] is a gated clock net sourced by a combinational pin U_UART/U_UART_RX/rx_data_next_reg[1]_i_1/O, cell U_UART/U_UART_RX/rx_data_next_reg[1]_i_1. This is not good design practice and will likely impact performance. For SLICE registers, for example, use the CE pin to control the loading of data.
Related violations: <none>

PDRC-153#3 Warning
Gated clock check  
Net U_UART/U_UART_RX/rx_data_next__0[2] is a gated clock net sourced by a combinational pin U_UART/U_UART_RX/rx_data_next_reg[2]_i_1/O, cell U_UART/U_UART_RX/rx_data_next_reg[2]_i_1. This is not good design practice and will likely impact performance. For SLICE registers, for example, use the CE pin to control the loading of data.
Related violations: <none>

PDRC-153#4 Warning
Gated clock check  
Net U_UART/U_UART_RX/rx_data_next__0[3] is a gated clock net sourced by a combinational pin U_UART/U_UART_RX/rx_data_next_reg[3]_i_1/O, cell U_UART/U_UART_RX/rx_data_next_reg[3]_i_1. This is not good design practice and will likely impact performance. For SLICE registers, for example, use the CE pin to control the loading of data.
Related violations: <none>

PDRC-153#5 Warning
Gated clock check  
Net U_UART/U_UART_RX/rx_data_next__0[4] is a gated clock net sourced by a combinational pin U_UART/U_UART_RX/rx_data_next_reg[4]_i_1/O, cell U_UART/U_UART_RX/rx_data_next_reg[4]_i_1. This is not good design practice and will likely impact performance. For SLICE registers, for example, use the CE pin to control the loading of data.
Related violations: <none>

PDRC-153#6 Warning
Gated clock check  
Net U_UART/U_UART_RX/rx_data_next__0[5] is a gated clock net sourced by a combinational pin U_UART/U_UART_RX/rx_data_next_reg[5]_i_1/O, cell U_UART/U_UART_RX/rx_data_next_reg[5]_i_1. This is not good design practice and will likely impact performance. For SLICE registers, for example, use the CE pin to control the loading of data.
Related violations: <none>

PDRC-153#7 Warning
Gated clock check  
Net U_UART/U_UART_RX/rx_data_next__0[6] is a gated clock net sourced by a combinational pin U_UART/U_UART_RX/rx_data_next_reg[6]_i_1/O, cell U_UART/U_UART_RX/rx_data_next_reg[6]_i_1. This is not good design practice and will likely impact performance. For SLICE registers, for example, use the CE pin to control the loading of data.
Related violations: <none>

PDRC-153#8 Warning
Gated clock check  
Net U_UART/U_UART_RX/rx_data_next__0[7] is a gated clock net sourced by a combinational pin U_UART/U_UART_RX/rx_data_next_reg[7]_i_1/O, cell U_UART/U_UART_RX/rx_data_next_reg[7]_i_1. This is not good design practice and will likely impact performance. For SLICE registers, for example, use the CE pin to control the loading of data.
Related violations: <none>


